App/Furniture-Buy-and-Sell/app/build/intermediates/manifest_merge_blame_file/debug/processDebugMainManifest/manifest-merger-blame-debug-report.txt
1<?xml version="1.0" encoding="utf-8"?>
2<manifest xmlns:android="http://schemas.android.com/apk/res/android"
3    package="com.example.furniturebuyandsell"
4    android:versionCode="1"
5    android:versionName="1.0" >
6
7    <uses-sdk
8        android:minSdkVersion="24"
9        android:targetSdkVersion="34" />
10
11    <uses-permission android:name="android.permission.INTERNET" />
11-->src/main/AndroidManifest.xml:5:5-67
11-->src/main/AndroidManifest.xml:5:22-64
12    <uses-permission android:name="android.permission.SYSTEM_ALERT_WINDOW" />
12-->src/main/AndroidManifest.xml:6:5-78
12-->src/main/AndroidManifest.xml:6:22-75
13    <uses-permission android:name="android.permission.POST_NOTIFICATIONS" />
13-->src/main/AndroidManifest.xml:7:5-76
13-->src/main/AndroidManifest.xml:7:22-74
14    <uses-permission android:name="android.permission.WAKE_LOCK" />
14-->src/main/AndroidManifest.xml:9:5-67
14-->src/main/AndroidManifest.xml:9:22-65
15    <uses-permission android:name="com.google.android.c2dm.permission.RECEIVE" />
15-->src/main/AndroidManifest.xml:10:5-81
15-->src/main/AndroidManifest.xml:10:22-79
16
17    <permission
18        android:name="com.example.furniturebuyandsell.permission.C2D_MESSAGE"
18-->src/main/AndroidManifest.xml:11:17-71
19        android:protectionLevel="signature" />
19-->src/main/AndroidManifest.xml:12:9-44
20
21    <uses-permission android:name="com.example.furniturebuyandsell.permission.C2D_MESSAGE" />
21-->src/main/AndroidManifest.xml:13:22-76
22    <uses-permission android:name="android.permission.ACCESS_NETWORK_STATE" />
22-->[com.google.firebase:firebase-messaging:23.4.1] AndroidManifest.xml:22:5-79
22-->[com.google.firebase:firebase-messaging:23.4.1] AndroidManifest.xml:22:22-76
23    <uses-permission android:name="com.google.android.gms.permission.AD_ID" />
23-->[com.google.android.gms:play-services-measurement-api:21.6.2] AndroidManifest.xml:25:5-79
23-->[com.google.android.gms:play-services-measurement-api:21.6.2] AndroidManifest.xml:25:22-76
24    <uses-permission android:name="android.permission.ACCESS_ADSERVICES_ATTRIBUTION" />
24-->[com.google.android.gms:play-services-measurement-api:21.6.2] AndroidManifest.xml:26:5-88
24-->[com.google.android.gms:play-services-measurement-api:21.6.2] AndroidManifest.xml:26:22-85
25    <uses-permission android:name="android.permission.ACCESS_ADSERVICES_AD_ID" />
25-->[com.google.android.gms:play-services-measurement-api:21.6.2] AndroidManifest.xml:27:5-82
25-->[com.google.android.gms:play-services-measurement-api:21.6.2] AndroidManifest.xml:27:22-79
26    <uses-permission android:name="com.google.android.providers.gsf.permission.READ_GSERVICES" />
26-->[com.google.android.recaptcha:recaptcha:18.4.0] AndroidManifest.xml:9:5-98
26-->[com.google.android.recaptcha:recaptcha:18.4.0] AndroidManifest.xml:9:22-95
27    <uses-permission android:name="com.google.android.finsky.permission.BIND_GET_INSTALL_REFERRER_SERVICE" />
27-->[com.google.android.gms:play-services-measurement:21.6.2] AndroidManifest.xml:26:5-110
27-->[com.google.android.gms:play-services-measurement:21.6.2] AndroidManifest.xml:26:22-107
28
29    <permission
29-->[androidx.core:core:1.9.0] AndroidManifest.xml:22:5-24:47
30        android:name="com.example.furniturebuyandsell.DYNAMIC_RECEIVER_NOT_EXPORTED_PERMISSION"
30-->[androidx.core:core:1.9.0] AndroidManifest.xml:23:9-81
31        android:protectionLevel="signature" />
31-->[androidx.core:core:1.9.0] AndroidManifest.xml:24:9-44
32
33    <uses-permission android:name="com.example.furniturebuyandsell.DYNAMIC_RECEIVER_NOT_EXPORTED_PERMISSION" />
33-->[androidx.core:core:1.9.0] AndroidManifest.xml:26:5-97
33-->[androidx.core:core:1.9.0] AndroidManifest.xml:26:22-94
34
35    <application
35-->src/main/AndroidManifest.xml:17:5-51:19
36        android:allowBackup="true"
36-->src/main/AndroidManifest.xml:18:9-35
37        android:appComponentFactory="androidx.core.app.CoreComponentFactory"
37-->[androidx.core:core:1.9.0] AndroidManifest.xml:28:18-86
38        android:dataExtractionRules="@xml/data_extraction_rules"
38-->src/main/AndroidManifest.xml:19:9-65
39        android:debuggable="true"
40        android:extractNativeLibs="false"
41        android:fullBackupContent="@xml/backup_rules"
41-->src/main/AndroidManifest.xml:20:9-54
42        android:icon="@mipmap/ic_launcher"
42-->src/main/AndroidManifest.xml:21:9-43
43        android:label="@string/app_name"
43-->src/main/AndroidManifest.xml:22:9-41
44        android:networkSecurityConfig="@xml/http_network"
44-->src/main/AndroidManifest.xml:26:9-58
45        android:roundIcon="@mipmap/ic_launcher_round"
45-->src/main/AndroidManifest.xml:23:9-54
46        android:supportsRtl="true"
46-->src/main/AndroidManifest.xml:24:9-35
47        android:testOnly="true"
48        android:theme="@style/Theme.FurnitureBuyAndSell" >
48-->src/main/AndroidManifest.xml:25:9-57
49        <activity
49-->src/main/AndroidManifest.xml:29:9-31:40
50            android:name="com.example.furniturebuyandsell.MainActivity"
50-->src/main/AndroidManifest.xml:30:13-41
51            android:exported="false" />
51-->src/main/AndroidManifest.xml:31:13-37
52        <activity
52-->src/main/AndroidManifest.xml:32:9-40:20
53            android:name="com.example.furniturebuyandsell.LoginActivity"
53-->src/main/AndroidManifest.xml:33:13-42
54            android:exported="true" >
54-->src/main/AndroidManifest.xml:34:13-36
55            <intent-filter>
55-->src/main/AndroidManifest.xml:35:13-39:29
56                <action android:name="android.intent.action.MAIN" />
56-->src/main/AndroidManifest.xml:36:17-69
56-->src/main/AndroidManifest.xml:36:25-66
57
58                <category android:name="android.intent.category.LAUNCHER" />
58-->src/main/AndroidManifest.xml:38:17-77
58-->src/main/AndroidManifest.xml:38:27-74
59            </intent-filter>
60        </activity>
61
62        <service
62-->src/main/AndroidManifest.xml:42:9-48:19
63            android:name="com.example.furniturebuyandsell.MyFirebaseMessagingService"
63-->src/main/AndroidManifest.xml:43:13-55
64            android:exported="false" >
64-->src/main/AndroidManifest.xml:44:13-37
65            <intent-filter>
65-->src/main/AndroidManifest.xml:45:13-47:29
66                <action android:name="com.google.firebase.MESSAGING_EVENT" />
66-->src/main/AndroidManifest.xml:46:17-78
66-->src/main/AndroidManifest.xml:46:25-75
67            </intent-filter>
68        </service>
69
70        <provider
70-->[com.squareup.picasso:picasso:2.71828] AndroidManifest.xml:8:9-11:40
71            android:name="com.squareup.picasso.PicassoProvider"
71-->[com.squareup.picasso:picasso:2.71828] AndroidManifest.xml:9:13-64
72            android:authorities="com.example.furniturebuyandsell.com.squareup.picasso"
72-->[com.squareup.picasso:picasso:2.71828] AndroidManifest.xml:10:13-72
73            android:exported="false" />
73-->[com.squareup.picasso:picasso:2.71828] AndroidManifest.xml:11:13-37
74
75        <receiver
75-->[com.google.firebase:firebase-messaging:23.4.1] AndroidManifest.xml:29:9-40:20
76            android:name="com.google.firebase.iid.FirebaseInstanceIdReceiver"
76-->[com.google.firebase:firebase-messaging:23.4.1] AndroidManifest.xml:30:13-78
77            android:exported="true"
77-->[com.google.firebase:firebase-messaging:23.4.1] AndroidManifest.xml:31:13-36
78            android:permission="com.google.android.c2dm.permission.SEND" >
78-->[com.google.firebase:firebase-messaging:23.4.1] AndroidManifest.xml:32:13-73
79            <intent-filter>
79-->[com.google.firebase:firebase-messaging:23.4.1] AndroidManifest.xml:33:13-35:29
80                <action android:name="com.google.android.c2dm.intent.RECEIVE" />
80-->[com.google.firebase:firebase-messaging:23.4.1] AndroidManifest.xml:34:17-81
80-->[com.google.firebase:firebase-messaging:23.4.1] AndroidManifest.xml:34:25-78
81            </intent-filter>
82
83            <meta-data
83-->[com.google.firebase:firebase-messaging:23.4.1] AndroidManifest.xml:37:13-39:40
84                android:name="com.google.android.gms.cloudmessaging.FINISHED_AFTER_HANDLED"
84-->[com.google.firebase:firebase-messaging:23.4.1] AndroidManifest.xml:38:17-92
85                android:value="true" />
85-->[com.google.firebase:firebase-messaging:23.4.1] AndroidManifest.xml:39:17-37
86        </receiver>
87        <!--
88             FirebaseMessagingService performs security checks at runtime,
89             but set to not exported to explicitly avoid allowing another app to call it.
90        -->
91        <service
91-->[com.google.firebase:firebase-messaging:23.4.1] AndroidManifest.xml:46:9-53:19
92            android:name="com.google.firebase.messaging.FirebaseMessagingService"
92-->[com.google.firebase:firebase-messaging:23.4.1] AndroidManifest.xml:47:13-82
93            android:directBootAware="true"
93-->[com.google.firebase:firebase-messaging:23.4.1] AndroidManifest.xml:48:13-43
94            android:exported="false" >
94-->[com.google.firebase:firebase-messaging:23.4.1] AndroidManifest.xml:49:13-37
95            <intent-filter android:priority="-500" >
95-->src/main/AndroidManifest.xml:45:13-47:29
96                <action android:name="com.google.firebase.MESSAGING_EVENT" />
96-->src/main/AndroidManifest.xml:46:17-78
96-->src/main/AndroidManifest.xml:46:25-75
97            </intent-filter>
98        </service>
99        <service
99-->[com.google.firebase:firebase-messaging:23.4.1] AndroidManifest.xml:54:9-63:19
100            android:name="com.google.firebase.components.ComponentDiscoveryService"
100-->[com.google.firebase:firebase-messaging:23.4.1] AndroidManifest.xml:55:13-84
101            android:directBootAware="true"
101-->[com.google.firebase:firebase-common:20.4.3] AndroidManifest.xml:32:13-43
102            android:exported="false" >
102-->[com.google.firebase:firebase-messaging:23.4.1] AndroidManifest.xml:56:13-37
103            <meta-data
103-->[com.google.firebase:firebase-messaging:23.4.1] AndroidManifest.xml:57:13-59:85
104                android:name="com.google.firebase.components:com.google.firebase.messaging.FirebaseMessagingKtxRegistrar"
104-->[com.google.firebase:firebase-messaging:23.4.1] AndroidManifest.xml:58:17-122
105                android:value="com.google.firebase.components.ComponentRegistrar" />
105-->[com.google.firebase:firebase-messaging:23.4.1] AndroidManifest.xml:59:17-82
106            <meta-data
106-->[com.google.firebase:firebase-messaging:23.4.1] AndroidManifest.xml:60:13-62:85
107                android:name="com.google.firebase.components:com.google.firebase.messaging.FirebaseMessagingRegistrar"
107-->[com.google.firebase:firebase-messaging:23.4.1] AndroidManifest.xml:61:17-119
108                android:value="com.google.firebase.components.ComponentRegistrar" />
108-->[com.google.firebase:firebase-messaging:23.4.1] AndroidManifest.xml:62:17-82
109            <meta-data
109-->[com.google.firebase:firebase-auth:22.3.1] AndroidManifest.xml:69:13-71:85
110                android:name="com.google.firebase.components:com.google.firebase.auth.FirebaseAuthRegistrar"
110-->[com.google.firebase:firebase-auth:22.3.1] AndroidManifest.xml:70:17-109
111                android:value="com.google.firebase.components.ComponentRegistrar" />
111-->[com.google.firebase:firebase-auth:22.3.1] AndroidManifest.xml:71:17-82
112            <meta-data
112-->[com.google.firebase:firebase-datatransport:18.1.7] AndroidManifest.xml:27:13-29:85
113                android:name="com.google.firebase.components:com.google.firebase.datatransport.TransportRegistrar"
113-->[com.google.firebase:firebase-datatransport:18.1.7] AndroidManifest.xml:28:17-115
114                android:value="com.google.firebase.components.ComponentRegistrar" />
114-->[com.google.firebase:firebase-datatransport:18.1.7] AndroidManifest.xml:29:17-82
115            <meta-data
115-->[com.google.android.gms:play-services-measurement-api:21.6.2] AndroidManifest.xml:37:13-39:85
116                android:name="com.google.firebase.components:com.google.firebase.analytics.connector.internal.AnalyticsConnectorRegistrar"
116-->[com.google.android.gms:play-services-measurement-api:21.6.2] AndroidManifest.xml:38:17-139
117                android:value="com.google.firebase.components.ComponentRegistrar" />
117-->[com.google.android.gms:play-services-measurement-api:21.6.2] AndroidManifest.xml:39:17-82
118            <meta-data
118-->[com.google.firebase:firebase-installations:17.2.0] AndroidManifest.xml:15:13-17:85
119                android:name="com.google.firebase.components:com.google.firebase.installations.FirebaseInstallationsKtxRegistrar"
119-->[com.google.firebase:firebase-installations:17.2.0] AndroidManifest.xml:16:17-130
120                android:value="com.google.firebase.components.ComponentRegistrar" />
120-->[com.google.firebase:firebase-installations:17.2.0] AndroidManifest.xml:17:17-82
121            <meta-data
121-->[com.google.firebase:firebase-installations:17.2.0] AndroidManifest.xml:18:13-20:85
122                android:name="com.google.firebase.components:com.google.firebase.installations.FirebaseInstallationsRegistrar"
122-->[com.google.firebase:firebase-installations:17.2.0] AndroidManifest.xml:19:17-127
123                android:value="com.google.firebase.components.ComponentRegistrar" />
123-->[com.google.firebase:firebase-installations:17.2.0] AndroidManifest.xml:20:17-82
124            <meta-data
124-->[com.google.firebase:firebase-common-ktx:20.4.3] AndroidManifest.xml:12:13-14:85
125                android:name="com.google.firebase.components:com.google.firebase.ktx.FirebaseCommonLegacyRegistrar"
125-->[com.google.firebase:firebase-common-ktx:20.4.3] AndroidManifest.xml:13:17-116
126                android:value="com.google.firebase.components.ComponentRegistrar" />
126-->[com.google.firebase:firebase-common-ktx:20.4.3] AndroidManifest.xml:14:17-82
127            <meta-data
127-->[com.google.firebase:firebase-common:20.4.3] AndroidManifest.xml:35:13-37:85
128                android:name="com.google.firebase.components:com.google.firebase.FirebaseCommonKtxRegistrar"
128-->[com.google.firebase:firebase-common:20.4.3] AndroidManifest.xml:36:17-109
129                android:value="com.google.firebase.components.ComponentRegistrar" />
129-->[com.google.firebase:firebase-common:20.4.3] AndroidManifest.xml:37:17-82
130        </service>
131
132        <activity
132-->[com.google.firebase:firebase-auth:22.3.1] AndroidManifest.xml:29:9-46:20
133            android:name="com.google.firebase.auth.internal.GenericIdpActivity"
133-->[com.google.firebase:firebase-auth:22.3.1] AndroidManifest.xml:30:13-80
134            android:excludeFromRecents="true"
134-->[com.google.firebase:firebase-auth:22.3.1] AndroidManifest.xml:31:13-46
135            android:exported="true"
135-->[com.google.firebase:firebase-auth:22.3.1] AndroidManifest.xml:32:13-36
136            android:launchMode="singleTask"
136-->[com.google.firebase:firebase-auth:22.3.1] AndroidManifest.xml:33:13-44
137            android:theme="@android:style/Theme.Translucent.NoTitleBar" >
137-->[com.google.firebase:firebase-auth:22.3.1] AndroidManifest.xml:34:13-72
138            <intent-filter>
138-->[com.google.firebase:firebase-auth:22.3.1] AndroidManifest.xml:35:13-45:29
139                <action android:name="android.intent.action.VIEW" />
139-->[com.google.firebase:firebase-auth:22.3.1] AndroidManifest.xml:36:17-69
139-->[com.google.firebase:firebase-auth:22.3.1] AndroidManifest.xml:36:25-66
140
141                <category android:name="android.intent.category.DEFAULT" />
141-->[com.google.firebase:firebase-auth:22.3.1] AndroidManifest.xml:38:17-76
141-->[com.google.firebase:firebase-auth:22.3.1] AndroidManifest.xml:38:27-73
142                <category android:name="android.intent.category.BROWSABLE" />
142-->[com.google.firebase:firebase-auth:22.3.1] AndroidManifest.xml:39:17-78
142-->[com.google.firebase:firebase-auth:22.3.1] AndroidManifest.xml:39:27-75
143
144                <data
144-->[com.google.firebase:firebase-auth:22.3.1] AndroidManifest.xml:41:17-44:51
145                    android:host="firebase.auth"
145-->[com.google.firebase:firebase-auth:22.3.1] AndroidManifest.xml:42:21-49
146                    android:path="/"
146-->[com.google.firebase:firebase-auth:22.3.1] AndroidManifest.xml:43:21-37
147                    android:scheme="genericidp" />
147-->[com.google.firebase:firebase-auth:22.3.1] AndroidManifest.xml:44:21-48
148            </intent-filter>
149        </activity>
150        <activity
150-->[com.google.firebase:firebase-auth:22.3.1] AndroidManifest.xml:47:9-64:20
151            android:name="com.google.firebase.auth.internal.RecaptchaActivity"
151-->[com.google.firebase:firebase-auth:22.3.1] AndroidManifest.xml:48:13-79
152            android:excludeFromRecents="true"
152-->[com.google.firebase:firebase-auth:22.3.1] AndroidManifest.xml:49:13-46
153            android:exported="true"
153-->[com.google.firebase:firebase-auth:22.3.1] AndroidManifest.xml:50:13-36
154            android:launchMode="singleTask"
154-->[com.google.firebase:firebase-auth:22.3.1] AndroidManifest.xml:51:13-44
155            android:theme="@android:style/Theme.Translucent.NoTitleBar" >
155-->[com.google.firebase:firebase-auth:22.3.1] AndroidManifest.xml:52:13-72
156            <intent-filter>
156-->[com.google.firebase:firebase-auth:22.3.1] AndroidManifest.xml:53:13-63:29
157                <action android:name="android.intent.action.VIEW" />
157-->[com.google.firebase:firebase-auth:22.3.1] AndroidManifest.xml:36:17-69
157-->[com.google.firebase:firebase-auth:22.3.1] AndroidManifest.xml:36:25-66
158
159                <category android:name="android.intent.category.DEFAULT" />
159-->[com.google.firebase:firebase-auth:22.3.1] AndroidManifest.xml:38:17-76
159-->[com.google.firebase:firebase-auth:22.3.1] AndroidManifest.xml:38:27-73
160                <category android:name="android.intent.category.BROWSABLE" />
160-->[com.google.firebase:firebase-auth:22.3.1] AndroidManifest.xml:39:17-78
160-->[com.google.firebase:firebase-auth:22.3.1] AndroidManifest.xml:39:27-75
161
162                <data
162-->[com.google.firebase:firebase-auth:22.3.1] AndroidManifest.xml:41:17-44:51
163                    android:host="firebase.auth"
163-->[com.google.firebase:firebase-auth:22.3.1] AndroidManifest.xml:42:21-49
164                    android:path="/"
164-->[com.google.firebase:firebase-auth:22.3.1] AndroidManifest.xml:43:21-37
165                    android:scheme="recaptcha" />
165-->[com.google.firebase:firebase-auth:22.3.1] AndroidManifest.xml:44:21-48
166            </intent-filter>
167        </activity>
168        <activity
168-->[com.google.android.gms:play-services-auth:21.1.0] AndroidManifest.xml:23:9-27:75
169            android:name="com.google.android.gms.auth.api.signin.internal.SignInHubActivity"
169-->[com.google.android.gms:play-services-auth:21.1.0] AndroidManifest.xml:24:13-93
170            android:excludeFromRecents="true"
170-->[com.google.android.gms:play-services-auth:21.1.0] AndroidManifest.xml:25:13-46
171            android:exported="false"
171-->[com.google.android.gms:play-services-auth:21.1.0] AndroidManifest.xml:26:13-37
172            android:theme="@android:style/Theme.Translucent.NoTitleBar" />
172-->[com.google.android.gms:play-services-auth:21.1.0] AndroidManifest.xml:27:13-72
173        <!--
174            Service handling Google Sign-In user revocation. For apps that do not integrate with
175            Google Sign-In, this service will never be started.
176        -->
177        <service
177-->[com.google.android.gms:play-services-auth:21.1.0] AndroidManifest.xml:33:9-37:51
178            android:name="com.google.android.gms.auth.api.signin.RevocationBoundService"
178-->[com.google.android.gms:play-services-auth:21.1.0] AndroidManifest.xml:34:13-89
179            android:exported="true"
179-->[com.google.android.gms:play-services-auth:21.1.0] AndroidManifest.xml:35:13-36
180            android:permission="com.google.android.gms.auth.api.signin.permission.REVOCATION_NOTIFICATION"
180-->[com.google.android.gms:play-services-auth:21.1.0] AndroidManifest.xml:36:13-107
181            android:visibleToInstantApps="true" />
181-->[com.google.android.gms:play-services-auth:21.1.0] AndroidManifest.xml:37:13-48
182        <service
182-->[com.google.android.datatransport:transport-backend-cct:3.1.8] AndroidManifest.xml:28:9-34:19
183            android:name="com.google.android.datatransport.runtime.backends.TransportBackendDiscovery"
183-->[com.google.android.datatransport:transport-backend-cct:3.1.8] AndroidManifest.xml:29:13-103
184            android:exported="false" >
184-->[com.google.android.datatransport:transport-backend-cct:3.1.8] AndroidManifest.xml:30:13-37
185            <meta-data
185-->[com.google.android.datatransport:transport-backend-cct:3.1.8] AndroidManifest.xml:31:13-33:39
186                android:name="backend:com.google.android.datatransport.cct.CctBackendFactory"
186-->[com.google.android.datatransport:transport-backend-cct:3.1.8] AndroidManifest.xml:32:17-94
187                android:value="cct" />
187-->[com.google.android.datatransport:transport-backend-cct:3.1.8] AndroidManifest.xml:33:17-36
188        </service>
189        <service
189-->[com.google.android.datatransport:transport-runtime:3.1.8] AndroidManifest.xml:26:9-30:19
190            android:name="com.google.android.datatransport.runtime.scheduling.jobscheduling.JobInfoSchedulerService"
190-->[com.google.android.datatransport:transport-runtime:3.1.8] AndroidManifest.xml:27:13-117
191            android:exported="false"
191-->[com.google.android.datatransport:transport-runtime:3.1.8] AndroidManifest.xml:28:13-37
192            android:permission="android.permission.BIND_JOB_SERVICE" >
192-->[com.google.android.datatransport:transport-runtime:3.1.8] AndroidManifest.xml:29:13-69
193        </service>
194
195        <receiver
195-->[com.google.android.datatransport:transport-runtime:3.1.8] AndroidManifest.xml:32:9-34:40
196            android:name="com.google.android.datatransport.runtime.scheduling.jobscheduling.AlarmManagerSchedulerBroadcastReceiver"
196-->[com.google.android.datatransport:transport-runtime:3.1.8] AndroidManifest.xml:33:13-132
197            android:exported="false" />
197-->[com.google.android.datatransport:transport-runtime:3.1.8] AndroidManifest.xml:34:13-37
198
199        <property
199-->[com.google.android.gms:play-services-measurement-api:21.6.2] AndroidManifest.xml:30:9-32:61
200            android:name="android.adservices.AD_SERVICES_CONFIG"
200-->[com.google.android.gms:play-services-measurement-api:21.6.2] AndroidManifest.xml:31:13-65
201            android:resource="@xml/ga_ad_services_config" />
201-->[com.google.android.gms:play-services-measurement-api:21.6.2] AndroidManifest.xml:32:13-58
202
203        <provider
203-->[com.google.firebase:firebase-common:20.4.3] AndroidManifest.xml:23:9-28:39
204            android:name="com.google.firebase.provider.FirebaseInitProvider"
204-->[com.google.firebase:firebase-common:20.4.3] AndroidManifest.xml:24:13-77
205            android:authorities="com.example.furniturebuyandsell.firebaseinitprovider"
205-->[com.google.firebase:firebase-common:20.4.3] AndroidManifest.xml:25:13-72
206            android:directBootAware="true"
206-->[com.google.firebase:firebase-common:20.4.3] AndroidManifest.xml:26:13-43
207            android:exported="false"
207-->[com.google.firebase:firebase-common:20.4.3] AndroidManifest.xml:27:13-37
208            android:initOrder="100" />
208-->[com.google.firebase:firebase-common:20.4.3] AndroidManifest.xml:28:13-36
209
210        <activity
210-->[com.google.android.gms:play-services-base:18.3.0] AndroidManifest.xml:20:9-22:45
211            android:name="com.google.android.gms.common.api.GoogleApiActivity"
211-->[com.google.android.gms:play-services-base:18.3.0] AndroidManifest.xml:20:19-85
212            android:exported="false"
212-->[com.google.android.gms:play-services-base:18.3.0] AndroidManifest.xml:22:19-43
213            android:theme="@android:style/Theme.Translucent.NoTitleBar" />
213-->[com.google.android.gms:play-services-base:18.3.0] AndroidManifest.xml:21:19-78
214
215        <provider
215-->[androidx.emoji2:emoji2:1.2.0] AndroidManifest.xml:24:9-32:20
216            android:name="androidx.startup.InitializationProvider"
216-->[androidx.emoji2:emoji2:1.2.0] AndroidManifest.xml:25:13-67
217            android:authorities="com.example.furniturebuyandsell.androidx-startup"
217-->[androidx.emoji2:emoji2:1.2.0] AndroidManifest.xml:26:13-68
218            android:exported="false" >
218-->[androidx.emoji2:emoji2:1.2.0] AndroidManifest.xml:27:13-37
219            <meta-data
219-->[androidx.emoji2:emoji2:1.2.0] AndroidManifest.xml:29:13-31:52
220                android:name="androidx.emoji2.text.EmojiCompatInitializer"
220-->[androidx.emoji2:emoji2:1.2.0] AndroidManifest.xml:30:17-75
221                android:value="androidx.startup" />
221-->[androidx.emoji2:emoji2:1.2.0] AndroidManifest.xml:31:17-49
222            <meta-data
222-->[androidx.lifecycle:lifecycle-process:2.6.1] AndroidManifest.xml:29:13-31:52
223                android:name="androidx.lifecycle.ProcessLifecycleInitializer"
223-->[androidx.lifecycle:lifecycle-process:2.6.1] AndroidManifest.xml:30:17-78
224                android:value="androidx.startup" />
224-->[androidx.lifecycle:lifecycle-process:2.6.1] AndroidManifest.xml:31:17-49
225            <meta-data
225-->[androidx.profileinstaller:profileinstaller:1.3.0] AndroidManifest.xml:29:13-31:52
226                android:name="androidx.profileinstaller.ProfileInstallerInitializer"
226-->[androidx.profileinstaller:profileinstaller:1.3.0] AndroidManifest.xml:30:17-85
227                android:value="androidx.startup" />
227-->[androidx.profileinstaller:profileinstaller:1.3.0] AndroidManifest.xml:31:17-49
228        </provider>
229
230        <receiver
230-->[com.google.android.gms:play-services-measurement:21.6.2] AndroidManifest.xml:29:9-33:20
231            android:name="com.google.android.gms.measurement.AppMeasurementReceiver"
231-->[com.google.android.gms:play-services-measurement:21.6.2] AndroidManifest.xml:30:13-85
232            android:enabled="true"
232-->[com.google.android.gms:play-services-measurement:21.6.2] AndroidManifest.xml:31:13-35
233            android:exported="false" >
233-->[com.google.android.gms:play-services-measurement:21.6.2] AndroidManifest.xml:32:13-37
234        </receiver>
235
236        <service
236-->[com.google.android.gms:play-services-measurement:21.6.2] AndroidManifest.xml:35:9-38:40
237            android:name="com.google.android.gms.measurement.AppMeasurementService"
237-->[com.google.android.gms:play-services-measurement:21.6.2] AndroidManifest.xml:36:13-84
238            android:enabled="true"
238-->[com.google.android.gms:play-services-measurement:21.6.2] AndroidManifest.xml:37:13-35
239            android:exported="false" />
239-->[com.google.android.gms:play-services-measurement:21.6.2] AndroidManifest.xml:38:13-37
240        <service
240-->[com.google.android.gms:play-services-measurement:21.6.2] AndroidManifest.xml:39:9-43:72
241            android:name="com.google.android.gms.measurement.AppMeasurementJobService"
241-->[com.google.android.gms:play-services-measurement:21.6.2] AndroidManifest.xml:40:13-87
242            android:enabled="true"
242-->[com.google.android.gms:play-services-measurement:21.6.2] AndroidManifest.xml:41:13-35
243            android:exported="false"
243-->[com.google.android.gms:play-services-measurement:21.6.2] AndroidManifest.xml:42:13-37
244            android:permission="android.permission.BIND_JOB_SERVICE" />
244-->[com.google.android.gms:play-services-measurement:21.6.2] AndroidManifest.xml:43:13-69
245
246        <uses-library
246-->[androidx.privacysandbox.ads:ads-adservices:1.0.0-beta05] AndroidManifest.xml:23:9-25:40
247            android:name="android.ext.adservices"
247-->[androidx.privacysandbox.ads:ads-adservices:1.0.0-beta05] AndroidManifest.xml:24:13-50
248            android:required="false" />
248-->[androidx.privacysandbox.ads:ads-adservices:1.0.0-beta05] AndroidManifest.xml:25:13-37
249
250        <meta-data
250-->[com.google.android.gms:play-services-basement:18.3.0] AndroidManifest.xml:21:9-23:69
251            android:name="com.google.android.gms.version"
251-->[com.google.android.gms:play-services-basement:18.3.0] AndroidManifest.xml:22:13-58
252            android:value="@integer/google_play_services_version" />
252-->[com.google.android.gms:play-services-basement:18.3.0] AndroidManifest.xml:23:13-66
253
254        <receiver
254-->[androidx.profileinstaller:profileinstaller:1.3.0] AndroidManifest.xml:34:9-52:20
255            android:name="androidx.profileinstaller.ProfileInstallReceiver"
255-->[androidx.profileinstaller:profileinstaller:1.3.0] AndroidManifest.xml:35:13-76
256            android:directBootAware="false"
256-->[androidx.profileinstaller:profileinstaller:1.3.0] AndroidManifest.xml:36:13-44
257            android:enabled="true"
257-->[androidx.profileinstaller:profileinstaller:1.3.0] AndroidManifest.xml:37:13-35
258            android:exported="true"
258-->[androidx.profileinstaller:profileinstaller:1.3.0] AndroidManifest.xml:38:13-36
259            android:permission="android.permission.DUMP" >
259-->[androidx.profileinstaller:profileinstaller:1.3.0] AndroidManifest.xml:39:13-57
260            <intent-filter>
260-->[androidx.profileinstaller:profileinstaller:1.3.0] AndroidManifest.xml:40:13-42:29
261                <action android:name="androidx.profileinstaller.action.INSTALL_PROFILE" />
261-->[androidx.profileinstaller:profileinstaller:1.3.0] AndroidManifest.xml:41:17-91
261-->[androidx.profileinstaller:profileinstaller:1.3.0] AndroidManifest.xml:41:25-88
262            </intent-filter>
263            <intent-filter>